{"uid":"b283d4a8fe795452","name":"Check login is un-successful with invalid credentials. Its is username not registered","fullName":"src/test/resources/features/Login.feature:54","historyId":"e7cc7d218c998a7d2dd85c27248463cb","time":{"start":1748698967673,"stop":1748698973414,"duration":5741},"status":"failed","statusMessage":"Assert is error message displayed expected [Username atau password salah] but found [Incorrect username or password, please try again!]","statusTrace":"java.lang.AssertionError: Assert is error message displayed expected [Username atau password salah] but found [Incorrect username or password, please try again!]\r\n\tat org.testng.Assert.fail(Assert.java:111)\r\n\tat org.testng.Assert.failNotEquals(Assert.java:1578)\r\n\tat org.testng.Assert.assertEqualsImpl(Assert.java:150)\r\n\tat org.testng.Assert.assertEquals(Assert.java:132)\r\n\tat org.testng.Assert.assertEquals(Assert.java:656)\r\n\tat com.b2.TestNGSeleniumCucumber.stepdefinitions.LoginSteps.userShouldBeAbleToSee(LoginSteps.java:56)\r\n\tat ✽.User should be able to see \"Username atau password salah\"(file:///C:/Users/Najib/Documents/Kuliah/PPL/automationtestzaidan/src/test/resources/features/Login.feature:50)\r\n","flaky":false,"newFailed":false,"newBroken":false,"newPassed":false,"retriesCount":0,"retriesStatusChange":false,"beforeStages":[{"name":"com.b2.TestNGSeleniumCucumber.stepdefinitions.Hooks.setUp()","time":{"start":1748698967673,"stop":1748698968565,"duration":892},"status":"passed","steps":[],"attachments":[],"parameters":[],"shouldDisplayMessage":false,"attachmentsCount":0,"hasContent":false,"attachmentStep":false,"stepsCount":0}],"testStage":{"status":"failed","statusMessage":"Assert is error message displayed expected [Username atau password salah] but found [Incorrect username or password, please try again!]","statusTrace":"java.lang.AssertionError: Assert is error message displayed expected [Username atau password salah] but found [Incorrect username or password, please try again!]\r\n\tat org.testng.Assert.fail(Assert.java:111)\r\n\tat org.testng.Assert.failNotEquals(Assert.java:1578)\r\n\tat org.testng.Assert.assertEqualsImpl(Assert.java:150)\r\n\tat org.testng.Assert.assertEquals(Assert.java:132)\r\n\tat org.testng.Assert.assertEquals(Assert.java:656)\r\n\tat com.b2.TestNGSeleniumCucumber.stepdefinitions.LoginSteps.userShouldBeAbleToSee(LoginSteps.java:56)\r\n\tat ✽.User should be able to see \"Username atau password salah\"(file:///C:/Users/Najib/Documents/Kuliah/PPL/automationtestzaidan/src/test/resources/features/Login.feature:50)\r\n","steps":[{"name":"Given  User has opened the browser","time":{"start":1748698968568,"stop":1748698968571,"duration":3},"status":"passed","steps":[],"attachments":[],"parameters":[],"shouldDisplayMessage":false,"attachmentsCount":0,"hasContent":false,"attachmentStep":false,"stepsCount":0},{"name":"And  User has navigated on the login page Education Fund Payment Management System for Zaidan Educare School app","time":{"start":1748698968572,"stop":1748698972345,"duration":3773},"status":"passed","steps":[],"attachments":[],"parameters":[],"shouldDisplayMessage":false,"attachmentsCount":0,"hasContent":false,"attachmentStep":false,"stepsCount":0},{"name":"When  User enters \"indra\" & \"admin123\"","time":{"start":1748698972346,"stop":1748698972584,"duration":238},"status":"passed","steps":[],"attachments":[],"parameters":[],"shouldDisplayMessage":false,"attachmentsCount":0,"hasContent":false,"attachmentStep":false,"stepsCount":0},{"name":"And  User clicks on login button","time":{"start":1748698972585,"stop":1748698972673,"duration":88},"status":"passed","steps":[],"attachments":[],"parameters":[],"shouldDisplayMessage":false,"attachmentsCount":0,"hasContent":false,"attachmentStep":false,"stepsCount":0},{"name":"Then  User should be able to see \"Username atau password salah\"","time":{"start":1748698972673,"stop":1748698973020,"duration":347},"status":"failed","statusMessage":"Assert is error message displayed expected [Username atau password salah] but found [Incorrect username or password, please try again!]","statusTrace":"java.lang.AssertionError: Assert is error message displayed expected [Username atau password salah] but found [Incorrect username or password, please try again!]\r\n\tat org.testng.Assert.fail(Assert.java:111)\r\n\tat org.testng.Assert.failNotEquals(Assert.java:1578)\r\n\tat org.testng.Assert.assertEqualsImpl(Assert.java:150)\r\n\tat org.testng.Assert.assertEquals(Assert.java:132)\r\n\tat org.testng.Assert.assertEquals(Assert.java:656)\r\n\tat com.b2.TestNGSeleniumCucumber.stepdefinitions.LoginSteps.userShouldBeAbleToSee(LoginSteps.java:56)\r\n\tat ✽.User should be able to see \"Username atau password salah\"(file:///C:/Users/Najib/Documents/Kuliah/PPL/automationtestzaidan/src/test/resources/features/Login.feature:50)\r\n","steps":[],"attachments":[],"parameters":[],"shouldDisplayMessage":true,"attachmentsCount":0,"hasContent":true,"attachmentStep":false,"stepsCount":0}],"attachments":[],"parameters":[],"shouldDisplayMessage":false,"attachmentsCount":0,"hasContent":true,"attachmentStep":false,"stepsCount":5},"afterStages":[{"name":"com.b2.TestNGSeleniumCucumber.stepdefinitions.Hooks.tearDown(io.cucumber.java.Scenario)","time":{"start":1748698973020,"stop":1748698973414,"duration":394},"status":"passed","steps":[],"attachments":[{"uid":"c5c111c04adf3d7a","name":"Check login is un-successful with invalid credentials. Its is username not registered","source":"c5c111c04adf3d7a.png","type":"image/png","size":171175}],"parameters":[],"shouldDisplayMessage":false,"attachmentsCount":1,"hasContent":true,"attachmentStep":false,"stepsCount":0}],"labels":[{"name":"tag","value":"Functionality"},{"name":"tag","value":"InvalidCredentials"},{"name":"tag","value":"TC002"},{"name":"host","value":"DESKTOP-9DV7ST2"},{"name":"thread","value":"1860@DESKTOP-9DV7ST2.main(1)"},{"name":"feature","value":"Login"},{"name":"story","value":"Check login is un-successful with invalid credentials. Its is username not registered"},{"name":"suite","value":"Login"},{"name":"testClass","value":"Check login is un-successful with invalid credentials. Its is username not registered"},{"name":"framework","value":"cucumber4jvm"},{"name":"language","value":"java"},{"name":"gherkin_uri","value":"file:///C:/Users/Najib/Documents/Kuliah/PPL/automationtestzaidan/src/test/resources/features/Login.feature"},{"name":"package","value":"src.test.resources.features.Login_feature.Login"},{"name":"resultFormat","value":"allure2"}],"parameters":[{"name":"password","value":"admin123"},{"name":"un-successful login notification message","value":"Username atau password salah"},{"name":"username","value":"indra"}],"links":[],"hidden":false,"retry":false,"extra":{"severity":"normal","retries":[],"categories":[{"name":"Product defects","matchedStatuses":[]}],"tags":["Functionality","InvalidCredentials","TC002"]},"source":"b283d4a8fe795452.json","parameterValues":["admin123","Username atau password salah","indra"]}